--- WARNING: traj_opt is zero, but num_traj is not zero; setting num_traj to zero.
--- NOTE: sst_update is 0, setting io_form_auxinput4 = 0 and auxinput4_interval = 0 for all domains
--- NOTE: grid_fdda is 0 for domain      1, setting gfdda interval and ending time to 0 for that domain.
--- NOTE: both grid_sfdda and pxlsm_soil_nudge are 0 for domain      1, setting sgfdda interval and ending time to 0 for that domain.
--- NOTE: obs_nudge_opt is 0 for domain      1, setting obs nudging interval and ending time to 0 for that domain.
--- NOTE: bl_pbl_physics /= 4, implies mfshconv must be 0, resetting
Need MYNN PBL for icloud_bl = 1, resetting to 0
--- NOTE: RRTMG radiation is not used, setting:  o3input=0 to avoid data pre-processing
*************************************
Configuring physics suite 'conus'

         mp_physics:      8
         cu_physics:      6
      ra_lw_physics:      4
      ra_sw_physics:      4
     bl_pbl_physics:      2
  sf_sfclay_physics:      2
 sf_surface_physics:      9*

(* = option overrides suite setting)
*************************************
--- NOTE: RRTMG radiation is in use, setting:  levsiz=59, alevsiz=12, no_src_types=6
--- NOTE: num_soil_layers has been set to      4
REAL_EM V3.9.1.1 PREPROCESSOR
DYNAMICS OPTION: Eulerian Mass Coordinate
   alloc_space_field: domain            1 ,               7221720  bytes allocated
Time period #   1 to process = 2010-09-01_00:00:00.
Time period #   2 to process = 2010-09-01_06:00:00.
Time period #   3 to process = 2010-09-01_12:00:00.
Time period #   4 to process = 2010-09-01_18:00:00.
Time period #   5 to process = 2010-09-02_00:00:00.
Total analysis times to input =    5.
  
 -----------------------------------------------------------------------------
  
 Domain  1: Current date being processed: 2010-09-01_00:00:00.0000, which is loop #   1 out of    5
 configflags%julyr, %julday, %gmt:        2010         244   0.00000000    
 metgrid input_wrf.F first_date_input = 2010-09-01_00:00:00
 metgrid input_wrf.F first_date_nml = 2010-09-01_00:00:00
d01 2010-09-01_00:00:00 Timing for input          0 s.
d01 2010-09-01_00:00:00          flag_soil_layers read from met_em file is  1
d01 2010-09-01_00:00:00 Turning off use of MAX WIND level data in vertical interpolation
d01 2010-09-01_00:00:00 Turning off use of TROPOPAUSE level data in vertical interpolation
Max map factor in domain 1 =  1.00. Scale the dt in the model accordingly.
Using sfcprs3 to compute psfc
 Converged znw(kte) should be about 0.0 =   -3.11423093E-03
Full level index =    1     Height =     0.0 m
Full level index =    2     Height =    56.6 m      Thickness =   56.6 m
Full level index =    3     Height =   137.9 m      Thickness =   81.4 m
Full level index =    4     Height =   244.7 m      Thickness =  106.8 m
Full level index =    5     Height =   377.6 m      Thickness =  132.9 m
Full level index =    6     Height =   546.3 m      Thickness =  168.7 m
Full level index =    7     Height =   761.1 m      Thickness =  214.8 m
Full level index =    8     Height =  1016.2 m      Thickness =  255.0 m
Full level index =    9     Height =  1455.3 m      Thickness =  439.1 m
Full level index =   10     Height =  1914.6 m      Thickness =  459.3 m
Full level index =   11     Height =  2396.2 m      Thickness =  481.6 m
Full level index =   12     Height =  2902.5 m      Thickness =  506.3 m
Full level index =   13     Height =  3845.1 m      Thickness =  942.6 m
Full level index =   14     Height =  4787.7 m      Thickness =  942.6 m
Full level index =   15     Height =  5730.3 m      Thickness =  942.6 m
Full level index =   16     Height =  6672.9 m      Thickness =  942.6 m
Full level index =   17     Height =  7615.5 m      Thickness =  942.6 m
Full level index =   18     Height =  8558.1 m      Thickness =  942.6 m
Full level index =   19     Height =  9500.7 m      Thickness =  942.6 m
Full level index =   20     Height = 10443.3 m      Thickness =  942.6 m
Full level index =   21     Height = 11385.9 m      Thickness =  942.6 m
Full level index =   22     Height = 12328.5 m      Thickness =  942.6 m
Full level index =   23     Height = 13271.1 m      Thickness =  942.6 m
Full level index =   24     Height = 14213.7 m      Thickness =  942.6 m
Full level index =   25     Height = 15156.3 m      Thickness =  942.6 m
Full level index =   26     Height = 16098.9 m      Thickness =  942.6 m
Full level index =   27     Height = 17041.5 m      Thickness =  942.6 m
Full level index =   28     Height = 17984.1 m      Thickness =  942.6 m
Full level index =   29     Height = 18926.7 m      Thickness =  942.6 m
Full level index =   30     Height = 19869.3 m      Thickness =  942.6 m
d01 2010-09-01_00:00:00   flag value of flag_qnwfa is            0
d01 2010-09-01_00:00:00 No average surface temperature for use with inland lakes
 error in the grid%tslb
 i,j=           1           1
 grid%landmask=   1.00000000    
 grid%tsk, grid%sst, grid%tmn=   300.559052       0.00000000       288.025879    
 grid%tslb =    0.00000000       0.00000000       0.00000000       0.00000000    
 old grid%smois =    0.00000000       0.00000000       0.00000000       0.00000000    
 error in the grid%tslb
 i,j=           2           1
 grid%landmask=   1.00000000    
 grid%tsk, grid%sst, grid%tmn=   301.199615       0.00000000       288.726654    
 grid%tslb =    0.00000000       0.00000000       0.00000000       0.00000000    
 old grid%smois =    0.00000000       0.00000000       0.00000000       0.00000000    
 error in the grid%tslb
 i,j=           1           2
 grid%landmask=   1.00000000    
 grid%tsk, grid%sst, grid%tmn=   300.416534       0.00000000       287.327484    
 grid%tslb =    0.00000000       0.00000000       0.00000000       0.00000000    
 old grid%smois =    0.00000000       0.00000000       0.00000000       0.00000000    
 error in the grid%tslb
 i,j=           2           2
 grid%landmask=   1.00000000    
 grid%tsk, grid%sst, grid%tmn=   301.198669       0.00000000       287.169983    
 grid%tslb =    0.00000000       0.00000000       0.00000000       0.00000000    
 old grid%smois =    0.00000000       0.00000000       0.00000000       0.00000000    
 error in the grid%tslb
 i,j=           3           2
 grid%landmask=   1.00000000    
 grid%tsk, grid%sst, grid%tmn=   301.491516       0.00000000       287.169983    
 grid%tslb =    0.00000000       0.00000000       0.00000000       0.00000000    
 old grid%smois =    0.00000000       0.00000000       0.00000000       0.00000000    
 error in the grid%tslb
 i,j=           1           3
 grid%landmask=   1.00000000    
 grid%tsk, grid%sst, grid%tmn=   300.567352       0.00000000       286.648895    
 grid%tslb =    0.00000000       0.00000000       0.00000000       0.00000000    
 old grid%smois =    0.00000000       0.00000000       0.00000000       0.00000000    
 error in the grid%tslb
 i,j=           2           3
 grid%landmask=   1.00000000    
 grid%tsk, grid%sst, grid%tmn=   301.422577       0.00000000       287.169983    
 grid%tslb =    0.00000000       0.00000000       0.00000000       0.00000000    
 old grid%smois =    0.00000000       0.00000000       0.00000000       0.00000000    
 error in the grid%tslb
 i,j=           3           3
 grid%landmask=   1.00000000    
 grid%tsk, grid%sst, grid%tmn=   301.734619       0.00000000       287.169983    
 grid%tslb =    0.00000000       0.00000000       0.00000000       0.00000000    
 old grid%smois =    0.00000000       0.00000000       0.00000000       0.00000000    
 error in the grid%tslb
 i,j=           1           4
 grid%landmask=   1.00000000    
 grid%tsk, grid%sst, grid%tmn=   300.831787       0.00000000       286.084076    
 grid%tslb =    0.00000000       0.00000000       0.00000000       0.00000000    
 old grid%smois =    0.00000000       0.00000000       0.00000000       0.00000000    
 error in the grid%tslb
 i,j=           2           4
 grid%landmask=   1.00000000    
 grid%tsk, grid%sst, grid%tmn=   301.728729       0.00000000       286.125000    
 grid%tslb =    0.00000000       0.00000000       0.00000000       0.00000000    
 old grid%smois =    0.00000000       0.00000000       0.00000000       0.00000000    
 error in the grid%tslb
 i,j=           3           4
 grid%landmask=   1.00000000    
 grid%tsk, grid%sst, grid%tmn=   302.100006       0.00000000       286.125000    
 grid%tslb =    0.00000000       0.00000000       0.00000000       0.00000000    
 old grid%smois =    0.00000000       0.00000000       0.00000000       0.00000000    
 error in the grid%tslb
 i,j=           1           5
 grid%landmask=   1.00000000    
 grid%tsk, grid%sst, grid%tmn=   300.843781       0.00000000       285.545349    
 grid%tslb =    0.00000000       0.00000000       0.00000000       0.00000000    
 old grid%smois =    0.00000000       0.00000000       0.00000000       0.00000000    
 error in the grid%tslb
 i,j=           2           5
 grid%landmask=   1.00000000    
 grid%tsk, grid%sst, grid%tmn=   301.727325       0.00000000       286.125000    
 grid%tslb =    0.00000000       0.00000000       0.00000000       0.00000000    
 old grid%smois =    0.00000000       0.00000000       0.00000000       0.00000000    
 the grid%landmask and soil/veg cats do not match
 i,j=           2           1
 grid%landmask=   1.00000000    
 grid%ivgtyp=          12
 grid%isltyp=          14
 iswater=          17
 grid%tslb=   0.00000000       0.00000000       0.00000000       0.00000000    
 grid%sst=   0.00000000    
-------------- FATAL CALLED ---------------
FATAL CALLED FROM FILE:  <stdin>  LINE:    3201
mismatch_landmask_ivgtyp
-------------------------------------------
